<?xml version="1.0" encoding="UTF-8"?>
<testsuite name="com.gol.models.GameOfLifeFieldTest" tests="1" skipped="0" failures="0" errors="0" timestamp="2020-07-24T06:37:24" hostname="Patricks-MBP" time="0.015">
  <properties/>
  <testcase name="deadCellWithThreeAliveNeighborsShouldResurrect()" classname="com.gol.models.GameOfLifeFieldTest" time="0.015"/>
  <system-out><![CDATA[]]></system-out>
  <system-err><![CDATA[]]></system-err>
</testsuite>
